<?xml version="1.0" encoding="UTF-8"?>
<testsuite xmlns:xsi="http://www.w3.org/2001/XMLSchema-instance" xsi:noNamespaceSchemaLocation="https://maven.apache.org/surefire/maven-surefire-plugin/xsd/surefire-test-report.xsd" name="com.alonso.vertx4web.example.carRest.TestMainVerticle" time="0.311" tests="1" errors="0" skipped="0" failures="0">
  <properties>
    <property name="java.specification.version" value="17"/>
    <property name="sun.cpu.isalist" value="amd64"/>
    <property name="sun.jnu.encoding" value="Cp1252"/>
    <property name="java.class.path" value="C:\Users\Alonso\Documents\Projects\vertxweb\target\test-classes;C:\Users\Alonso\Documents\Projects\vertxweb\target\classes;C:\Users\Alonso\.m2\repository\io\vertx\vertx-web\4.5.3\vertx-web-4.5.3.jar;C:\Users\Alonso\.m2\repository\io\vertx\vertx-web-common\4.5.3\vertx-web-common-4.5.3.jar;C:\Users\Alonso\.m2\repository\io\vertx\vertx-auth-common\4.5.3\vertx-auth-common-4.5.3.jar;C:\Users\Alonso\.m2\repository\io\vertx\vertx-bridge-common\4.5.3\vertx-bridge-common-4.5.3.jar;C:\Users\Alonso\.m2\repository\io\vertx\vertx-core\4.5.3\vertx-core-4.5.3.jar;C:\Users\Alonso\.m2\repository\io\netty\netty-common\4.1.106.Final\netty-common-4.1.106.Final.jar;C:\Users\Alonso\.m2\repository\io\netty\netty-buffer\4.1.106.Final\netty-buffer-4.1.106.Final.jar;C:\Users\Alonso\.m2\repository\io\netty\netty-transport\4.1.106.Final\netty-transport-4.1.106.Final.jar;C:\Users\Alonso\.m2\repository\io\netty\netty-handler\4.1.106.Final\netty-handler-4.1.106.Final.jar;C:\Users\Alonso\.m2\repository\io\netty\netty-transport-native-unix-common\4.1.106.Final\netty-transport-native-unix-common-4.1.106.Final.jar;C:\Users\Alonso\.m2\repository\io\netty\netty-codec\4.1.106.Final\netty-codec-4.1.106.Final.jar;C:\Users\Alonso\.m2\repository\io\netty\netty-handler-proxy\4.1.106.Final\netty-handler-proxy-4.1.106.Final.jar;C:\Users\Alonso\.m2\repository\io\netty\netty-codec-socks\4.1.106.Final\netty-codec-socks-4.1.106.Final.jar;C:\Users\Alonso\.m2\repository\io\netty\netty-codec-http\4.1.106.Final\netty-codec-http-4.1.106.Final.jar;C:\Users\Alonso\.m2\repository\io\netty\netty-codec-http2\4.1.106.Final\netty-codec-http2-4.1.106.Final.jar;C:\Users\Alonso\.m2\repository\io\netty\netty-resolver\4.1.106.Final\netty-resolver-4.1.106.Final.jar;C:\Users\Alonso\.m2\repository\io\netty\netty-resolver-dns\4.1.106.Final\netty-resolver-dns-4.1.106.Final.jar;C:\Users\Alonso\.m2\repository\io\netty\netty-codec-dns\4.1.106.Final\netty-codec-dns-4.1.106.Final.jar;C:\Users\Alonso\.m2\repository\com\fasterxml\jackson\core\jackson-core\2.16.1\jackson-core-2.16.1.jar;C:\Users\Alonso\.m2\repository\io\vertx\vertx-web-openapi\4.5.3\vertx-web-openapi-4.5.3.jar;C:\Users\Alonso\.m2\repository\io\vertx\vertx-web-validation\4.5.3\vertx-web-validation-4.5.3.jar;C:\Users\Alonso\.m2\repository\io\vertx\vertx-json-schema\4.5.3\vertx-json-schema-4.5.3.jar;C:\Users\Alonso\.m2\repository\org\yaml\snakeyaml\2.0\snakeyaml-2.0.jar;C:\Users\Alonso\.m2\repository\io\vertx\vertx-pg-client\4.5.3\vertx-pg-client-4.5.3.jar;C:\Users\Alonso\.m2\repository\io\vertx\vertx-sql-client\4.5.3\vertx-sql-client-4.5.3.jar;C:\Users\Alonso\.m2\repository\io\vertx\vertx-opentelemetry\4.5.3\vertx-opentelemetry-4.5.3.jar;C:\Users\Alonso\.m2\repository\io\opentelemetry\opentelemetry-api\1.18.0\opentelemetry-api-1.18.0.jar;C:\Users\Alonso\.m2\repository\io\opentelemetry\opentelemetry-context\1.18.0\opentelemetry-context-1.18.0.jar;C:\Users\Alonso\.m2\repository\io\opentelemetry\opentelemetry-sdk\1.18.0\opentelemetry-sdk-1.18.0.jar;C:\Users\Alonso\.m2\repository\io\opentelemetry\opentelemetry-sdk-common\1.18.0\opentelemetry-sdk-common-1.18.0.jar;C:\Users\Alonso\.m2\repository\io\opentelemetry\opentelemetry-sdk-metrics\1.18.0\opentelemetry-sdk-metrics-1.18.0.jar;C:\Users\Alonso\.m2\repository\io\opentelemetry\opentelemetry-sdk-logs\1.18.0-alpha\opentelemetry-sdk-logs-1.18.0-alpha.jar;C:\Users\Alonso\.m2\repository\io\opentelemetry\opentelemetry-sdk-trace\1.18.0\opentelemetry-sdk-trace-1.18.0.jar;C:\Users\Alonso\.m2\repository\io\opentelemetry\opentelemetry-semconv\1.18.0-alpha\opentelemetry-semconv-1.18.0-alpha.jar;C:\Users\Alonso\.m2\repository\io\vertx\vertx-micrometer-metrics\4.5.3\vertx-micrometer-metrics-4.5.3.jar;C:\Users\Alonso\.m2\repository\io\micrometer\micrometer-core\1.12.2\micrometer-core-1.12.2.jar;C:\Users\Alonso\.m2\repository\io\micrometer\micrometer-commons\1.12.2\micrometer-commons-1.12.2.jar;C:\Users\Alonso\.m2\repository\io\micrometer\micrometer-observation\1.12.2\micrometer-observation-1.12.2.jar;C:\Users\Alonso\.m2\repository\org\latencyutils\LatencyUtils\2.0.3\LatencyUtils-2.0.3.jar;C:\Users\Alonso\.m2\repository\org\hdrhistogram\HdrHistogram\2.1.12\HdrHistogram-2.1.12.jar;C:\Users\Alonso\.m2\repository\io\vertx\vertx-web-openapi-router\4.5.3\vertx-web-openapi-router-4.5.3.jar;C:\Users\Alonso\.m2\repository\io\vertx\vertx-openapi\4.5.3\vertx-openapi-4.5.3.jar;C:\Users\Alonso\.m2\repository\com\ongres\scram\client\2.1\client-2.1.jar;C:\Users\Alonso\.m2\repository\com\ongres\scram\common\2.1\common-2.1.jar;C:\Users\Alonso\.m2\repository\com\ongres\stringprep\saslprep\1.1\saslprep-1.1.jar;C:\Users\Alonso\.m2\repository\com\ongres\stringprep\stringprep\1.1\stringprep-1.1.jar;C:\Users\Alonso\.m2\repository\io\vertx\vertx-junit5\4.5.3\vertx-junit5-4.5.3.jar;C:\Users\Alonso\.m2\repository\org\junit\jupiter\junit-jupiter-params\5.8.2\junit-jupiter-params-5.8.2.jar;C:\Users\Alonso\.m2\repository\org\junit\jupiter\junit-jupiter-api\5.9.1\junit-jupiter-api-5.9.1.jar;C:\Users\Alonso\.m2\repository\org\opentest4j\opentest4j\1.2.0\opentest4j-1.2.0.jar;C:\Users\Alonso\.m2\repository\org\junit\platform\junit-platform-commons\1.9.1\junit-platform-commons-1.9.1.jar;C:\Users\Alonso\.m2\repository\org\apiguardian\apiguardian-api\1.1.2\apiguardian-api-1.1.2.jar;C:\Users\Alonso\.m2\repository\org\junit\jupiter\junit-jupiter-engine\5.9.1\junit-jupiter-engine-5.9.1.jar;C:\Users\Alonso\.m2\repository\org\junit\platform\junit-platform-engine\1.9.1\junit-platform-engine-1.9.1.jar;C:\Users\Alonso\.m2\repository\io\rest-assured\rest-assured\5.4.0\rest-assured-5.4.0.jar;C:\Users\Alonso\.m2\repository\org\apache\groovy\groovy\4.0.16\groovy-4.0.16.jar;C:\Users\Alonso\.m2\repository\org\apache\groovy\groovy-xml\4.0.16\groovy-xml-4.0.16.jar;C:\Users\Alonso\.m2\repository\org\apache\httpcomponents\httpclient\4.5.13\httpclient-4.5.13.jar;C:\Users\Alonso\.m2\repository\org\apache\httpcomponents\httpcore\4.4.13\httpcore-4.4.13.jar;C:\Users\Alonso\.m2\repository\commons-logging\commons-logging\1.2\commons-logging-1.2.jar;C:\Users\Alonso\.m2\repository\commons-codec\commons-codec\1.11\commons-codec-1.11.jar;C:\Users\Alonso\.m2\repository\org\apache\httpcomponents\httpmime\4.5.13\httpmime-4.5.13.jar;C:\Users\Alonso\.m2\repository\org\hamcrest\hamcrest\2.2\hamcrest-2.2.jar;C:\Users\Alonso\.m2\repository\org\ccil\cowan\tagsoup\tagsoup\1.2.1\tagsoup-1.2.1.jar;C:\Users\Alonso\.m2\repository\io\rest-assured\json-path\5.4.0\json-path-5.4.0.jar;C:\Users\Alonso\.m2\repository\org\apache\groovy\groovy-json\4.0.16\groovy-json-4.0.16.jar;C:\Users\Alonso\.m2\repository\io\rest-assured\rest-assured-common\5.4.0\rest-assured-common-5.4.0.jar;C:\Users\Alonso\.m2\repository\io\rest-assured\xml-path\5.4.0\xml-path-5.4.0.jar;C:\Users\Alonso\.m2\repository\org\apache\commons\commons-lang3\3.11\commons-lang3-3.11.jar;C:\Users\Alonso\.m2\repository\jakarta\persistence\jakarta.persistence-api\3.1.0\jakarta.persistence-api-3.1.0.jar;C:\Users\Alonso\.m2\repository\jakarta\validation\jakarta.validation-api\3.0.2\jakarta.validation-api-3.0.2.jar;"/>
    <property name="java.vm.vendor" value="Eclipse Adoptium"/>
    <property name="sun.arch.data.model" value="64"/>
    <property name="user.variant" value=""/>
    <property name="java.vendor.url" value="https://adoptium.net/"/>
    <property name="user.timezone" value="America/Cuiaba"/>
    <property name="os.name" value="Windows 11"/>
    <property name="java.vm.specification.version" value="17"/>
    <property name="sun.java.launcher" value="SUN_STANDARD"/>
    <property name="user.country" value="BR"/>
    <property name="sun.boot.library.path" value="C:\Users\Alonso\AppData\Local\Programs\Eclipse Adoptium\jdk-17.0.5.8-hotspot\bin"/>
    <property name="sun.java.command" value="C:\Users\Alonso\AppData\Local\Temp\surefire14703965147337256892\surefirebooter7661712938099128107.jar C:\Users\Alonso\AppData\Local\Temp\surefire14703965147337256892 2024-02-17T15-52-10_371-jvmRun1 surefire5624080555247484306tmp surefire_016273043198295345373tmp"/>
    <property name="jdk.debug" value="release"/>
    <property name="surefire.test.class.path" value="C:\Users\Alonso\Documents\Projects\vertxweb\target\test-classes;C:\Users\Alonso\Documents\Projects\vertxweb\target\classes;C:\Users\Alonso\.m2\repository\io\vertx\vertx-web\4.5.3\vertx-web-4.5.3.jar;C:\Users\Alonso\.m2\repository\io\vertx\vertx-web-common\4.5.3\vertx-web-common-4.5.3.jar;C:\Users\Alonso\.m2\repository\io\vertx\vertx-auth-common\4.5.3\vertx-auth-common-4.5.3.jar;C:\Users\Alonso\.m2\repository\io\vertx\vertx-bridge-common\4.5.3\vertx-bridge-common-4.5.3.jar;C:\Users\Alonso\.m2\repository\io\vertx\vertx-core\4.5.3\vertx-core-4.5.3.jar;C:\Users\Alonso\.m2\repository\io\netty\netty-common\4.1.106.Final\netty-common-4.1.106.Final.jar;C:\Users\Alonso\.m2\repository\io\netty\netty-buffer\4.1.106.Final\netty-buffer-4.1.106.Final.jar;C:\Users\Alonso\.m2\repository\io\netty\netty-transport\4.1.106.Final\netty-transport-4.1.106.Final.jar;C:\Users\Alonso\.m2\repository\io\netty\netty-handler\4.1.106.Final\netty-handler-4.1.106.Final.jar;C:\Users\Alonso\.m2\repository\io\netty\netty-transport-native-unix-common\4.1.106.Final\netty-transport-native-unix-common-4.1.106.Final.jar;C:\Users\Alonso\.m2\repository\io\netty\netty-codec\4.1.106.Final\netty-codec-4.1.106.Final.jar;C:\Users\Alonso\.m2\repository\io\netty\netty-handler-proxy\4.1.106.Final\netty-handler-proxy-4.1.106.Final.jar;C:\Users\Alonso\.m2\repository\io\netty\netty-codec-socks\4.1.106.Final\netty-codec-socks-4.1.106.Final.jar;C:\Users\Alonso\.m2\repository\io\netty\netty-codec-http\4.1.106.Final\netty-codec-http-4.1.106.Final.jar;C:\Users\Alonso\.m2\repository\io\netty\netty-codec-http2\4.1.106.Final\netty-codec-http2-4.1.106.Final.jar;C:\Users\Alonso\.m2\repository\io\netty\netty-resolver\4.1.106.Final\netty-resolver-4.1.106.Final.jar;C:\Users\Alonso\.m2\repository\io\netty\netty-resolver-dns\4.1.106.Final\netty-resolver-dns-4.1.106.Final.jar;C:\Users\Alonso\.m2\repository\io\netty\netty-codec-dns\4.1.106.Final\netty-codec-dns-4.1.106.Final.jar;C:\Users\Alonso\.m2\repository\com\fasterxml\jackson\core\jackson-core\2.16.1\jackson-core-2.16.1.jar;C:\Users\Alonso\.m2\repository\io\vertx\vertx-web-openapi\4.5.3\vertx-web-openapi-4.5.3.jar;C:\Users\Alonso\.m2\repository\io\vertx\vertx-web-validation\4.5.3\vertx-web-validation-4.5.3.jar;C:\Users\Alonso\.m2\repository\io\vertx\vertx-json-schema\4.5.3\vertx-json-schema-4.5.3.jar;C:\Users\Alonso\.m2\repository\org\yaml\snakeyaml\2.0\snakeyaml-2.0.jar;C:\Users\Alonso\.m2\repository\io\vertx\vertx-pg-client\4.5.3\vertx-pg-client-4.5.3.jar;C:\Users\Alonso\.m2\repository\io\vertx\vertx-sql-client\4.5.3\vertx-sql-client-4.5.3.jar;C:\Users\Alonso\.m2\repository\io\vertx\vertx-opentelemetry\4.5.3\vertx-opentelemetry-4.5.3.jar;C:\Users\Alonso\.m2\repository\io\opentelemetry\opentelemetry-api\1.18.0\opentelemetry-api-1.18.0.jar;C:\Users\Alonso\.m2\repository\io\opentelemetry\opentelemetry-context\1.18.0\opentelemetry-context-1.18.0.jar;C:\Users\Alonso\.m2\repository\io\opentelemetry\opentelemetry-sdk\1.18.0\opentelemetry-sdk-1.18.0.jar;C:\Users\Alonso\.m2\repository\io\opentelemetry\opentelemetry-sdk-common\1.18.0\opentelemetry-sdk-common-1.18.0.jar;C:\Users\Alonso\.m2\repository\io\opentelemetry\opentelemetry-sdk-metrics\1.18.0\opentelemetry-sdk-metrics-1.18.0.jar;C:\Users\Alonso\.m2\repository\io\opentelemetry\opentelemetry-sdk-logs\1.18.0-alpha\opentelemetry-sdk-logs-1.18.0-alpha.jar;C:\Users\Alonso\.m2\repository\io\opentelemetry\opentelemetry-sdk-trace\1.18.0\opentelemetry-sdk-trace-1.18.0.jar;C:\Users\Alonso\.m2\repository\io\opentelemetry\opentelemetry-semconv\1.18.0-alpha\opentelemetry-semconv-1.18.0-alpha.jar;C:\Users\Alonso\.m2\repository\io\vertx\vertx-micrometer-metrics\4.5.3\vertx-micrometer-metrics-4.5.3.jar;C:\Users\Alonso\.m2\repository\io\micrometer\micrometer-core\1.12.2\micrometer-core-1.12.2.jar;C:\Users\Alonso\.m2\repository\io\micrometer\micrometer-commons\1.12.2\micrometer-commons-1.12.2.jar;C:\Users\Alonso\.m2\repository\io\micrometer\micrometer-observation\1.12.2\micrometer-observation-1.12.2.jar;C:\Users\Alonso\.m2\repository\org\latencyutils\LatencyUtils\2.0.3\LatencyUtils-2.0.3.jar;C:\Users\Alonso\.m2\repository\org\hdrhistogram\HdrHistogram\2.1.12\HdrHistogram-2.1.12.jar;C:\Users\Alonso\.m2\repository\io\vertx\vertx-web-openapi-router\4.5.3\vertx-web-openapi-router-4.5.3.jar;C:\Users\Alonso\.m2\repository\io\vertx\vertx-openapi\4.5.3\vertx-openapi-4.5.3.jar;C:\Users\Alonso\.m2\repository\com\ongres\scram\client\2.1\client-2.1.jar;C:\Users\Alonso\.m2\repository\com\ongres\scram\common\2.1\common-2.1.jar;C:\Users\Alonso\.m2\repository\com\ongres\stringprep\saslprep\1.1\saslprep-1.1.jar;C:\Users\Alonso\.m2\repository\com\ongres\stringprep\stringprep\1.1\stringprep-1.1.jar;C:\Users\Alonso\.m2\repository\io\vertx\vertx-junit5\4.5.3\vertx-junit5-4.5.3.jar;C:\Users\Alonso\.m2\repository\org\junit\jupiter\junit-jupiter-params\5.8.2\junit-jupiter-params-5.8.2.jar;C:\Users\Alonso\.m2\repository\org\junit\jupiter\junit-jupiter-api\5.9.1\junit-jupiter-api-5.9.1.jar;C:\Users\Alonso\.m2\repository\org\opentest4j\opentest4j\1.2.0\opentest4j-1.2.0.jar;C:\Users\Alonso\.m2\repository\org\junit\platform\junit-platform-commons\1.9.1\junit-platform-commons-1.9.1.jar;C:\Users\Alonso\.m2\repository\org\apiguardian\apiguardian-api\1.1.2\apiguardian-api-1.1.2.jar;C:\Users\Alonso\.m2\repository\org\junit\jupiter\junit-jupiter-engine\5.9.1\junit-jupiter-engine-5.9.1.jar;C:\Users\Alonso\.m2\repository\org\junit\platform\junit-platform-engine\1.9.1\junit-platform-engine-1.9.1.jar;C:\Users\Alonso\.m2\repository\io\rest-assured\rest-assured\5.4.0\rest-assured-5.4.0.jar;C:\Users\Alonso\.m2\repository\org\apache\groovy\groovy\4.0.16\groovy-4.0.16.jar;C:\Users\Alonso\.m2\repository\org\apache\groovy\groovy-xml\4.0.16\groovy-xml-4.0.16.jar;C:\Users\Alonso\.m2\repository\org\apache\httpcomponents\httpclient\4.5.13\httpclient-4.5.13.jar;C:\Users\Alonso\.m2\repository\org\apache\httpcomponents\httpcore\4.4.13\httpcore-4.4.13.jar;C:\Users\Alonso\.m2\repository\commons-logging\commons-logging\1.2\commons-logging-1.2.jar;C:\Users\Alonso\.m2\repository\commons-codec\commons-codec\1.11\commons-codec-1.11.jar;C:\Users\Alonso\.m2\repository\org\apache\httpcomponents\httpmime\4.5.13\httpmime-4.5.13.jar;C:\Users\Alonso\.m2\repository\org\hamcrest\hamcrest\2.2\hamcrest-2.2.jar;C:\Users\Alonso\.m2\repository\org\ccil\cowan\tagsoup\tagsoup\1.2.1\tagsoup-1.2.1.jar;C:\Users\Alonso\.m2\repository\io\rest-assured\json-path\5.4.0\json-path-5.4.0.jar;C:\Users\Alonso\.m2\repository\org\apache\groovy\groovy-json\4.0.16\groovy-json-4.0.16.jar;C:\Users\Alonso\.m2\repository\io\rest-assured\rest-assured-common\5.4.0\rest-assured-common-5.4.0.jar;C:\Users\Alonso\.m2\repository\io\rest-assured\xml-path\5.4.0\xml-path-5.4.0.jar;C:\Users\Alonso\.m2\repository\org\apache\commons\commons-lang3\3.11\commons-lang3-3.11.jar;C:\Users\Alonso\.m2\repository\jakarta\persistence\jakarta.persistence-api\3.1.0\jakarta.persistence-api-3.1.0.jar;C:\Users\Alonso\.m2\repository\jakarta\validation\jakarta.validation-api\3.0.2\jakarta.validation-api-3.0.2.jar;"/>
    <property name="sun.cpu.endian" value="little"/>
    <property name="user.home" value="C:\Users\Alonso"/>
    <property name="user.language" value="pt"/>
    <property name="java.specification.vendor" value="Oracle Corporation"/>
    <property name="java.version.date" value="2022-10-18"/>
    <property name="java.home" value="C:\Users\Alonso\AppData\Local\Programs\Eclipse Adoptium\jdk-17.0.5.8-hotspot"/>
    <property name="file.separator" value="\"/>
    <property name="basedir" value="C:\Users\Alonso\Documents\Projects\vertxweb"/>
    <property name="java.vm.compressedOopsMode" value="Zero based"/>
    <property name="line.separator" value="&#10;"/>
    <property name="java.vm.specification.vendor" value="Oracle Corporation"/>
    <property name="java.specification.name" value="Java Platform API Specification"/>
    <property name="surefire.real.class.path" value="C:\Users\Alonso\AppData\Local\Temp\surefire14703965147337256892\surefirebooter7661712938099128107.jar"/>
    <property name="user.script" value=""/>
    <property name="sun.management.compiler" value="HotSpot 64-Bit Tiered Compilers"/>
    <property name="java.runtime.version" value="17.0.5+8"/>
    <property name="user.name" value="Alonso"/>
    <property name="path.separator" value=";"/>
    <property name="os.version" value="10.0"/>
    <property name="java.runtime.name" value="OpenJDK Runtime Environment"/>
    <property name="file.encoding" value="Cp1252"/>
    <property name="java.vm.name" value="OpenJDK 64-Bit Server VM"/>
    <property name="java.vendor.version" value="Temurin-17.0.5+8"/>
    <property name="localRepository" value="C:\Users\Alonso\.m2\repository"/>
    <property name="java.vendor.url.bug" value="https://github.com/adoptium/adoptium-support/issues"/>
    <property name="java.io.tmpdir" value="C:\Users\Alonso\AppData\Local\Temp\"/>
    <property name="idea.version" value="2023.1.5"/>
    <property name="java.version" value="17.0.5"/>
    <property name="user.dir" value="C:\Users\Alonso\Documents\Projects\vertxweb"/>
    <property name="os.arch" value="amd64"/>
    <property name="java.vm.specification.name" value="Java Virtual Machine Specification"/>
    <property name="sun.os.patch.level" value=""/>
    <property name="native.encoding" value="Cp1252"/>
    <property name="java.library.path" value="C:\Users\Alonso\AppData\Local\Programs\Eclipse Adoptium\jdk-17.0.5.8-hotspot\bin;C:\WINDOWS\Sun\Java\bin;C:\WINDOWS\system32;C:\WINDOWS;C:\Python311\Scripts\;C:\Python311\;C:\Windows\system32;C:\Windows;C:\Windows\System32\Wbem;C:\Windows\System32\WindowsPowerShell\v1.0\;C:\Windows\System32\OpenSSH\;C:\Program Files\NVIDIA Corporation\NVIDIA NvDLISR;C:\Program Files (x86)\NVIDIA Corporation\PhysX\Common;C:\WINDOWS\system32;C:\WINDOWS;C:\WINDOWS\System32\Wbem;C:\WINDOWS\System32\WindowsPowerShell\v1.0\;C:\WINDOWS\System32\OpenSSH\;C:\Program Files\nodejs\;C:\ProgramData\chocolatey\bin;C:\Program Files\Git\cmd;C:\Program Files\RedHat\Podman\;C:\Users\Alonso\.console-ninja\.bin;C:\Users\Alonso\AppData\Local\Programs\Eclipse Adoptium\jdk-17.0.5.8-hotspot\bin;C:\Users\Alonso\AppData\Local\Microsoft\WindowsApps;C:\Users\Alonso\AppData\Local\GitHubDesktop\bin;C:\Users\Alonso\AppData\Local\Programs\Microsoft VS Code\bin;C:\Users\Alonso\AppData\Roaming\npm;C:\Program Files\JetBrains\IntelliJ IDEA Community Edition 2023.1.2\bin;;."/>
    <property name="java.vm.info" value="mixed mode, sharing"/>
    <property name="java.vendor" value="Eclipse Adoptium"/>
    <property name="java.vm.version" value="17.0.5+8"/>
    <property name="sun.io.unicode.encoding" value="UnicodeLittle"/>
    <property name="java.class.version" value="61.0"/>
  </properties>
  <testcase name="verticle_deployed{Vertx, VertxTestContext}" classname="com.alonso.vertx4web.example.carRest.TestMainVerticle" time="0.304"/>
</testsuite>